Arguments: 
  C:\Program Files\nodejs\node.exe C:\Users\attie\AppData\Roaming\npm\node_modules\yarn\bin\yarn.js add typescript ts-node nodemon -D

PATH: 
  C:\Users\attie\bin;C:\Program Files\Git\mingw64\bin;C:\Program Files\Git\usr\local\bin;C:\Program Files\Git\usr\bin;C:\Program Files\Git\usr\bin;C:\Program Files\Git\mingw64\bin;C:\Program Files\Git\usr\bin;C:\Users\attie\bin;C:\Program Files (x86)\Microsoft SDKs\Azure\CLI2\wbin;C:\Windows\system32;C:\Windows;C:\Windows\System32\Wbem;C:\Windows\System32\WindowsPowerShell\v1.0;C:\Windows\System32\OpenSSH;C:\Program Files\Git\cmd;C:\ProgramData\chocolatey\bin;C:\Program Files\MySQL\MySQL Shell 8.0\bin;C:\Arquivos de Programas\Git\bin;C:\Users\attie\AppData\Local\Yarn\bin;C:\Users\attie\AppData\Local\Programs\Microsoft VS Code\bin;C:\Users\attie\AppData\Roaming\npm;C:\Program Files\nodejs;C:\Program Files (x86)\Yarn\bin;C:\xampp\php;C:\Program Files\MySQL\MySQL Shell 8.0\bin;C:\Program Files (x86)\Microsoft SDKs\Azure\CLI2\wbin;C:\Windows\system32;C:\Windows;C:\Windows\System32\Wbem;C:\Windows\System32\WindowsPowerShell\v1.0;C:\Windows\System32\OpenSSH;C:\Program Files\Git\cmd;C:\ProgramData\chocolatey\bin;C:\Program Files\MySQL\MySQL Shell 8.0\bin;C:\Arquivos de Programas\Git\bin;C:\Users\attie\AppData\Local\Yarn\bin;C:\Users\attie\AppData\Local\Programs\Microsoft VS Code\bin;C:\Users\attie\AppData\Roaming\npm;C:\Program Files\nodejs;C:\Program Files (x86)\Yarn\bin;C:\xampp\php;C:\Arquivos de Programas\Git\bin;C:\Users\attie\AppData\Local\Programs\Microsoft VS Code\bin;C:\Program Files\heroku\bin;C:\Users\attie\AppData\Roaming\npm;C:\Users\attie\AppData\Local\Yarn\bin;C:\Program Files\Git\usr\bin\vendor_perl;C:\Program Files\Git\usr\bin\core_perl

Yarn version: 
  1.22.10

Node version: 
  14.16.0

Platform: 
  win32 x64

Trace: 
  Error: getaddrinfo ENOTFOUND registry.yarnpkg.com
      at GetAddrInfoReqWrap.onlookup [as oncomplete] (dns.js:67:26)

npm manifest: 
  {
    "name": "typeorm",
    "version": "1.0.0",
    "main": "index.js",
    "license": "MIT"
  }

yarn manifest: 
  No manifest

Lockfile: 
  No lockfile
